TRACK_TIME 1121238067
TRACK SWA1897 B733 373704.7 1222223.9 130 0.13 28 ZOA ZOA46
    FP_ROUTE KSFO./..SSTIK3.LOSHN..BOILE..BLH.HYDRR1.I07R..<>.KPHX

TRACK_TIME 1121242917
TRACK SWA1898 B733 324400.8 1171122.8 130 0.17 275 ZOA ZOA46
    FP_ROUTE KSAN./..BRDR7.IPL..ARGUS..HEEDS..ARAZI..BZA..HOGGZ.HYDRR1.I07R..<>.KPHX

TRACK_TIME 1121241637
TRACK SWA1899 B733 335609.5 1182346.7 130 1.28 251 ZOA ZOA46
    FP_ROUTE KLAX./..DOTSS2.CNERY..BLH.HYDRR1.I07R..<>.KPHX
